proguard/mapping.txt
cn.jpush.android.data.JPushView -> cn.jpush.android.data.JPushView:
    cn.jpush.android.b.a.f a -> a
    void onLayout(boolean,int,int,int,int) -> onLayout
    void onMeasure(int,int) -> onMeasure
cn.jpush.android.data.a -> cn.jpush.android.data.a:
    org.json.JSONObject a -> a
    boolean a(android.content.Context,org.json.JSONObject) -> a
    void a(android.content.Context) -> a
cn.jpush.android.data.b -> cn.jpush.android.data.b:
    java.lang.String[] a -> a
    java.lang.String[] b -> b
    cn.jpush.android.data.b c -> c
    java.lang.String[] z -> z
    void onCreate(android.database.sqlite.SQLiteDatabase) -> onCreate
    void onUpgrade(android.database.sqlite.SQLiteDatabase,int,int) -> onUpgrade
    void onDowngrade(android.database.sqlite.SQLiteDatabase,int,int) -> onDowngrade
    cn.jpush.android.data.b a(android.content.Context) -> a
    void a(android.content.Context,cn.jpush.android.data.c,java.lang.String,java.lang.String) -> a
    void a(android.content.Context,java.lang.String,java.lang.String,java.lang.String,java.lang.String) -> a
    java.lang.String a(android.content.Context,java.lang.String) -> a
cn.jpush.android.data.c -> cn.jpush.android.data.c:
    int b -> b
    java.lang.String c -> c
    java.lang.String d -> d
    boolean e -> e
    int f -> f
    int g -> g
    boolean h -> h
    java.lang.String i -> i
    java.lang.String j -> j
    java.lang.String k -> k
    java.lang.String l -> l
    java.lang.String m -> m
    java.lang.String n -> n
    int o -> o
    boolean p -> p
    java.util.List q -> q
    int r -> r
    java.lang.String s -> s
    java.lang.String t -> t
    java.util.List u -> u
    boolean v -> v
    boolean w -> w
    boolean x -> x
    boolean a -> a
    boolean y -> y
    int z -> z
    java.lang.String A -> A
    java.util.ArrayList B -> B
    java.lang.String C -> C
    java.lang.String D -> D
    java.lang.String[] E -> E
    boolean a() -> a
    boolean b() -> b
    boolean c() -> c
    java.lang.String d() -> d
    boolean b(android.content.Context,org.json.JSONObject) -> b
    boolean e() -> e
    boolean a(android.content.Context,org.json.JSONObject) -> a
    void a(android.content.Context) -> a
    boolean a(java.util.ArrayList,android.content.Context,java.lang.String,java.lang.String,boolean) -> a
    java.lang.String a(java.lang.String,java.lang.String,java.lang.String,android.content.Context) -> a
cn.jpush.android.data.d -> cn.jpush.android.data.d:
    java.lang.String a -> a
    java.lang.String b -> b
    cn.jpush.android.data.c c -> c
    java.lang.String[] z -> z
    boolean equals(java.lang.Object) -> equals
    java.lang.String toString() -> toString
cn.jpush.android.data.e -> cn.jpush.android.data.e:
    int a -> a
    java.lang.String b -> b
    java.lang.String c -> c
    java.lang.String d -> d
    java.lang.String e -> e
    java.lang.String[] z -> z
    java.lang.String toString() -> toString
    boolean equals(java.lang.Object) -> equals
    int hashCode() -> hashCode
    int a() -> a
    org.json.JSONObject b() -> b
cn.jpush.android.data.f -> cn.jpush.android.data.f:
    java.lang.String[] a -> a
    android.content.Context b -> b
    cn.jpush.android.data.g c -> c
    android.database.sqlite.SQLiteDatabase d -> d
    java.lang.String[] z -> z
    boolean a(boolean) -> a
    boolean c() -> c
    boolean d() -> d
    void a() -> a
    long a(long,int,int,int,java.lang.String,long,long) -> a
    android.database.Cursor a(long,int) -> a
    boolean b(long,int,int,int,java.lang.String,long,long) -> b
    android.database.Cursor a(int,long) -> a
    boolean b() -> b
    android.database.Cursor a(long,long) -> a
    void a(android.database.Cursor,cn.jpush.android.data.h) -> a