proguard/usage.txt
android.support.v4.widget.PopupMenuCompat$KitKatPopupMenuImpl
android.support.v4.widget.PopupMenuCompat$PopupMenuImpl
android.support.v4.widget.PopupMenuCompatKitKat
android.support.v4.widget.ResourceCursorAdapter:
    54:57:public ResourceCursorAdapter(android.content.Context,int,android.database.Cursor)
    93:96:public ResourceCursorAdapter(android.content.Context,int,android.database.Cursor,int)
    120:121:public void setViewResource(int)
    129:130:public void setDropDownViewResource(int)
android.support.v4.widget.ScrollerCompat:
    251:251:public static android.support.v4.widget.ScrollerCompat create(android.content.Context)
    255:255:public static android.support.v4.widget.ScrollerCompat create(android.content.Context,android.view.animation.Interpolator)
    258:260:ScrollerCompat(android.content.Context,android.view.animation.Interpolator)
    314:314:public float getCurrVelocity()
    341:342:public void startScroll(int,int,int,int)
    382:383:public void fling(int,int,int,int,int,int,int,int)
    410:412:public void fling(int,int,int,int,int,int,int,int,int,int)
    437:438:public void notifyHorizontalEdgeReached(int,int,int)
    454:455:public void notifyVerticalEdgeReached(int,int,int)
    471:471:public boolean isOverScrolled()
android.support.v4.widget.ScrollerCompat$ScrollerCompatImpl:
    public abstract java.lang.Object createScroller(android.content.Context,android.view.animation.Interpolator)
    public abstract float getCurrVelocity(java.lang.Object)
    public abstract void startScroll(java.lang.Object,int,int,int,int)
    public abstract void fling(java.lang.Object,int,int,int,int,int,int,int,int)
    public abstract void fling(java.lang.Object,int,int,int,int,int,int,int,int,int,int)
    public abstract void notifyHorizontalEdgeReached(java.lang.Object,int,int,int)
    public abstract void notifyVerticalEdgeReached(java.lang.Object,int,int,int)
    public abstract boolean isOverScrolled(java.lang.Object)
android.support.v4.widget.ScrollerCompat$ScrollerCompatImplBase:
    58:58:public java.lang.Object createScroller(android.content.Context,android.view.animation.Interpolator)
    79:79:public float getCurrVelocity(java.lang.Object)
    89:90:public void startScroll(java.lang.Object,int,int,int,int)
    101:102:public void fling(java.lang.Object,int,int,int,int,int,int,int,int)
    107:108:public void fling(java.lang.Object,int,int,int,int,int,int,int,int,int,int)
    119:119:public void notifyHorizontalEdgeReached(java.lang.Object,int,int,int)
    124:124:public void notifyVerticalEdgeReached(java.lang.Object,int,int,int)
    129:129:public boolean isOverScrolled(java.lang.Object)
android.support.v4.widget.ScrollerCompat$ScrollerCompatImplGingerbread:
    146:146:public java.lang.Object createScroller(android.content.Context,android.view.animation.Interpolator)
    166:166:public float getCurrVelocity(java.lang.Object)
    176:177:public void startScroll(java.lang.Object,int,int,int,int)
    188:190:public void fling(java.lang.Object,int,int,int,int,int,int,int,int)
    195:197:public void fling(java.lang.Object,int,int,int,int,int,int,int,int,int,int)
    207:208:public void notifyHorizontalEdgeReached(java.lang.Object,int,int,int)
    212:213:public void notifyVerticalEdgeReached(java.lang.Object,int,int,int)
    217:217:public boolean isOverScrolled(java.lang.Object)
android.support.v4.widget.ScrollerCompat$ScrollerCompatImplIcs:
    234:234:public float getCurrVelocity(java.lang.Object)